<?xml version="1.0" encoding="utf-8"?><testsuites name="pytest tests"><testsuite name="pytest" errors="0" failures="0" skipped="0" tests="6" time="3.748" timestamp="2026-08-20T13:06:52.960047+00:00" hostname="agent-env-7e7f1638-5cda-4853-959b-80cd22338f49"><testcase classname="tests.test_inspect_and_conversions.TestInspect" name="test_inspect_english_pdf" time="1.534" /><testcase classname="tests.test_inspect_and_conversions.TestConversions" name="test_pdf_to_word" time="1.567" /><testcase classname="tests.test_inspect_and_conversions.TestInspect" name="test_inspect_kruti_like_pdf" time="0.201" /><testcase classname="tests.test_inspect_and_conversions.TestConversions" name="test_pdf_to_excel" time="1.229" /><testcase classname="tests.test_inspect_and_conversions.TestInspect" name="test_inspect_garbage_file_no_500" time="0.978" /><testcase classname="tests.test_inspect_and_conversions.TestHealth" name="test_health_all_tools" time="0.234" /></testsuite></testsuites>